<?xml version="1.0" encoding="UTF-8"?>
<!-- Generated by org.testng.reporters.JUnitXMLReporter -->
<testsuite ignored="0" hostname="DESKTOP-7OCGU5A" failures="0" tests="3" name="Default test" time="0.841" errors="0" timestamp="2023-09-21T00:36:51 IST">
  <testcase classname="TestNG.DataProviderExcel_Test" name="getData" time="0.005"/>
  <testcase classname="TestNG.DataProviderExcel_Test" name="getData" time="0.001"/>
  <testcase classname="TestNG.DataProviderExcel_Test" name="getData" time="0.002"/>
</testsuite> <!-- Default test -->
