<?xml version="1.0" encoding="UTF-8"?>
<!-- Generated by org.testng.reporters.JUnitXMLReporter -->
<testsuite ignored="4" hostname="DESKTOP-7OCGU5A" failures="0" tests="3" name="TestRunner-2" time="8.518" errors="0" timestamp="2023-09-19T23:32:59 IST">
  <testcase classname="TestNG.ApplyTestB" name="applyB" time="0.001"/>
  <testcase classname="TestNG.CreateC" name="createC" time="0.001"/>
  <testcase classname="TestNG.executeTestA" name="create" time="0.002"/>
  <testcase classname="com.SMS.genericutils.BaseClass" name="@BeforeSuite configBS" time="0.0">
    <ignored/>
  </testcase> <!-- @BeforeSuite configBS -->
  <testcase classname="com.SMS.genericutils.BaseClass" name="@BeforeSuite configBS" time="0.0">
    <ignored/>
  </testcase> <!-- @BeforeSuite configBS -->
  <testcase classname="com.SMS.genericutils.BaseClass" name="@AfterSuite configAS" time="0.0">
    <ignored/>
  </testcase> <!-- @AfterSuite configAS -->
  <testcase classname="com.SMS.genericutils.BaseClass" name="@AfterSuite configAS" time="0.0">
    <ignored/>
  </testcase> <!-- @AfterSuite configAS -->
</testsuite> <!-- TestRunner-2 -->
