<?xml version="1.0" encoding="UTF-8"?>
<!-- Generated by org.testng.reporters.JUnitXMLReporter -->
<testsuite ignored="2" hostname="DESKTOP-7OCGU5A" failures="0" tests="1" name="Test" time="5.834" errors="0" timestamp="2023-09-28T09:43:04 IST">
  <testcase classname="TestNG.ApplyTestB" name="submit" time="0.01"/>
  <testcase classname="TestNG.ApplyTestB" name="applyB" time="0.0">
    <ignored/>
  </testcase> <!-- applyB -->
  <testcase classname="TestNG.ApplyTestB" name="Success" time="0.0">
    <ignored/>
  </testcase> <!-- Success -->
</testsuite> <!-- Test -->
