<?xml version="1.0" encoding="UTF-8"?>
<testng-results ignored="2" total="3" passed="1" failed="0" skipped="0">
  <reporter-output>
  </reporter-output>
  <suite started-at="2023-09-28T09:42:58 IST" name="Suite" finished-at="2023-09-28T09:43:04 IST" duration-ms="5834">
    <groups>
    </groups>
    <test started-at="2023-09-28T09:42:58 IST" name="Test" finished-at="2023-09-28T09:43:04 IST" duration-ms="5834">
      <class name="TestNG.ApplyTestB">
        <test-method is-config="true" signature="configBS()[pri:0, instance:TestNG.ApplyTestB@5158b42f]" started-at="2023-09-28T09:42:58 IST" name="configBS" finished-at="2023-09-28T09:42:58 IST" duration-ms="555" status="PASS">
          <reporter-output>
          </reporter-output>
        </test-method> <!-- configBS -->
        <test-method is-config="true" signature="configBC()[pri:0, instance:TestNG.ApplyTestB@5158b42f]" started-at="2023-09-28T09:42:58 IST" name="configBC" finished-at="2023-09-28T09:43:04 IST" duration-ms="5512" status="PASS">
          <reporter-output>
          </reporter-output>
        </test-method> <!-- configBC -->
        <test-method is-config="true" signature="configBM()[pri:0, instance:TestNG.ApplyTestB@5158b42f]" started-at="2023-09-28T09:43:04 IST" name="configBM" finished-at="2023-09-28T09:43:04 IST" duration-ms="1" status="PASS">
          <reporter-output>
          </reporter-output>
        </test-method> <!-- configBM -->
        <test-method signature="submit()[pri:0, instance:TestNG.ApplyTestB@5158b42f]" started-at="2023-09-28T09:43:04 IST" name="submit" finished-at="2023-09-28T09:43:04 IST" duration-ms="10" status="PASS">
          <reporter-output>
          </reporter-output>
        </test-method> <!-- submit -->
        <test-method is-config="true" signature="configAM()[pri:0, instance:TestNG.ApplyTestB@5158b42f]" started-at="2023-09-28T09:43:04 IST" name="configAM" finished-at="2023-09-28T09:43:04 IST" duration-ms="0" status="PASS">
          <reporter-output>
          </reporter-output>
        </test-method> <!-- configAM -->
        <test-method is-config="true" signature="configAC()[pri:0, instance:TestNG.ApplyTestB@5158b42f]" started-at="2023-09-28T09:43:04 IST" name="configAC" finished-at="2023-09-28T09:43:04 IST" duration-ms="256" status="PASS">
          <reporter-output>
          </reporter-output>
        </test-method> <!-- configAC -->
        <test-method is-config="true" signature="configAS()[pri:0, instance:TestNG.ApplyTestB@5158b42f]" started-at="2023-09-28T09:43:04 IST" name="configAS" finished-at="2023-09-28T09:43:04 IST" duration-ms="11" status="PASS">
          <reporter-output>
          </reporter-output>
        </test-method> <!-- configAS -->
      </class> <!-- TestNG.ApplyTestB -->
    </test> <!-- Test -->
  </suite> <!-- Suite -->
</testng-results>
